During startup - Warning message:
Setting LC_CTYPE failed, using "C" 

Attaching package: 'dplyr'

The following objects are masked from 'package:stats':

    filter, lag

The following objects are masked from 'package:base':

    intersect, setdiff, setequal, union

Loading required package: ggplot2
Loading required package: lattice
-- Attaching packages --------------------------------------- tidyverse 1.3.1 --
v tibble  3.2.1     v purrr   1.0.1
v tidyr   1.2.0     v stringr 1.4.0
v readr   2.1.4     v forcats 0.5.1
-- Conflicts ------------------------------------------ tidyverse_conflicts() --
x tidyr::extract()   masks magrittr::extract()
x dplyr::filter()    masks stats::filter()
x dplyr::lag()       masks stats::lag()
x purrr::lift()      masks caret::lift()
x purrr::set_names() masks magrittr::set_names()
Joining with `by = join_by(patientID, season, cohort)`
Joining with `by = join_by(patientID, sex, age, season, disease, condition,
cohort, age_group)`
Joining with `by = join_by(patientID, season)`
Joining with `by = join_by(name, OID20429, OID20431, OID20437, OID20438,
OID20442, OID20443, OID20447, OID20449, OID20457, OID20459, OID20460, OID20461,
OID20462, OID20464, OID20471, OID20473, OID20475, OID20477, OID20480, OID20481,
OID20482, OID20485, OID20487, OID20490, OID20491, OID20493, OID20494, OID20495,
OID20497, OID20498, OID20500, OID20501, OID20504, OID20505, OID20506, OID20507,
OID20508, OID20509, OID20510, OID20511, OID20513, OID20514, OID20515, OID20517,
OID20519, OID20521, OID20522, OID20523, OID20524, OID20525, OID20527, OID20528,
OID20529, OID20530, OID20531, OID20532, OID20534, OID20535, OID20536, OID20537,
OID20538, OID20539, OID20540, OID20541, OID20543, OID20544, OID20545, OID20546,
OID20547, OID20548, OID20549, OID20550, OID20551, OID20552, OID20553, OID20554,
OID20555, OID20556, OID20557, OID20558, OID20559, OID20560, OID20561, OID20562,
OID20563, OID20564, OID20565, OID20566, OID20567, OID20568, OID20569, OID20570,
OID20571, OID20572, OID20573, OID20574, OID20575, OID20576, OID20577, OID20578,
OID20579, OID20580, OID20581, OID20582, OID20583, OID20584, OID20585, OID20586,
OID20587, OID20588, OID20589, OID20590, OID20591, OID20592, OID20593, OID20594,
OID20595, OID20596, OID20597, OID20598, OID20599, OID20600, OID20601, OID20602,
OID20603, OID20604, OID20605, OID20606, OID20607, OID20608, OID20609, OID20610,
OID20611, OID20612, OID20613, OID20615, OID20616, OID20619, OID20620, OID20621,
OID20622, OID20623, OID20624, OID20625, OID20626, OID20627, OID20628, OID20629,
OID20630, OID20631, OID20633, OID20634, OID20636, OID20637, OID20638, OID20639,
OID20640, OID20641, OID20642, OID20643, OID20645, OID20647, OID20648, OID20649,
OID20650, OID20651, OID20652, OID20653, OID20654, OID20655, OID20657, OID20658,
OID20660, OID20661, OID20662, OID20663, OID20664, OID20665, OID20667, OID20669,
OID20670, OID20671, OID20672, OID20673, OID20674, OID20675, OID20676, OID20677,
OID20678, OID20679, OID20680, OID20681, OID20682, OID20683, OID20684, OID20685,
OID20686, OID20687, OID20688, OID20689, OID20690, OID20691, OID20692, OID20693,
OID20694, OID20695, OID20696, OID20697, OID20698, OID20699, OID20700, OID20701,
OID20702, OID20703, OID20704, OID20705, OID20706, OID20707, OID20708, OID20710,
OID20711, OID20712, OID20713, OID20714, OID20715, OID20716, OID20717, OID20718,
OID20719, OID20720, OID20722, OID20723, OID20724, OID20725, OID20726, OID20727,
OID20728, OID20729, OID20730, OID20731, OID20732, OID20733, OID20734, OID20735,
OID20736, OID20737, OID20738, OID20739, OID20741, OID20742, OID20743, OID20744,
OID20745, OID20746, OID20747, OID20748, OID20749, OID20750, OID20751, OID20753,
OID20754, OID20755, OID20756, OID20757, OID20758, OID20759, OID20760, OID20761,
OID20762, OID20763, OID20764, OID20765, OID20766, OID20767, OID20768, OID20769,
OID20771, OID20772, OID20773, OID20774, OID20775, OID20776, OID20777, OID20779,
OID20780, OID20781, OID20782, OID20783, OID20784, OID20785, OID20786, OID20787,
OID20788, OID20789)`
Joining with `by = join_by(name, OID20429, OID20431, OID20437, OID20438,
OID20442, OID20443, OID20447, OID20457, OID20459, OID20460, OID20461, OID20462,
OID20464, OID20471, OID20473, OID20475, OID20477, OID20480, OID20481, OID20482,
OID20485, OID20487, OID20490, OID20491, OID20493, OID20495, OID20497, OID20498,
OID20500, OID20501, OID20504, OID20505, OID20506, OID20507, OID20508, OID20509,
OID20510, OID20511, OID20513, OID20514, OID20515, OID20517, OID20519, OID20521,
OID20522, OID20523, OID20524, OID20525, OID20527, OID20528, OID20529, OID20530,
OID20531, OID20532, OID20534, OID20535, OID20536, OID20537, OID20538, OID20539,
OID20540, OID20541, OID20543, OID20544, OID20545, OID20546, OID20547, OID20548,
OID20549, OID20550, OID20551, OID20552, OID20553, OID20554, OID20555, OID20556,
OID20557, OID20558, OID20559, OID20560, OID20561, OID20562, OID20563, OID20564,
OID20565, OID20566, OID20567, OID20568, OID20569, OID20570, OID20571, OID20572,
OID20573, OID20574, OID20575, OID20576, OID20577, OID20578, OID20579, OID20580,
OID20581, OID20582, OID20583, OID20584, OID20585, OID20586, OID20587, OID20588,
OID20589, OID20590, OID20591, OID20592, OID20593, OID20594, OID20595, OID20596,
OID20597, OID20598, OID20599, OID20600, OID20601, OID20602, OID20603, OID20604,
OID20605, OID20606, OID20607, OID20608, OID20609, OID20610, OID20611, OID20612,
OID20613, OID20615, OID20616, OID20619, OID20620, OID20621, OID20622, OID20623,
OID20624, OID20625, OID20626, OID20627, OID20628, OID20629, OID20630, OID20631,
OID20633, OID20634, OID20636, OID20637, OID20638, OID20639, OID20640, OID20641,
OID20642, OID20643, OID20645, OID20647, OID20648, OID20649, OID20650, OID20651,
OID20652, OID20653, OID20654, OID20655, OID20657, OID20658, OID20660, OID20661,
OID20662, OID20663, OID20664, OID20665, OID20667, OID20669, OID20670, OID20671,
OID20672, OID20673, OID20674, OID20675, OID20676, OID20677, OID20678, OID20679,
OID20680, OID20681, OID20682, OID20683, OID20684, OID20685, OID20686, OID20687,
OID20688, OID20689, OID20690, OID20691, OID20692, OID20693, OID20694, OID20695,
OID20696, OID20697, OID20698, OID20699, OID20700, OID20701, OID20702, OID20703,
OID20704, OID20705, OID20706, OID20707, OID20708, OID20710, OID20711, OID20712,
OID20713, OID20714, OID20715, OID20716, OID20717, OID20718, OID20719, OID20720,
OID20722, OID20723, OID20724, OID20725, OID20726, OID20727, OID20728, OID20729,
OID20730, OID20731, OID20732, OID20733, OID20734, OID20735, OID20736, OID20737,
OID20738, OID20739, OID20741, OID20742, OID20743, OID20744, OID20745, OID20746,
OID20747, OID20748, OID20749, OID20750, OID20751, OID20753, OID20754, OID20755,
OID20756, OID20757, OID20758, OID20759, OID20760, OID20761, OID20762, OID20763,
OID20764, OID20765, OID20766, OID20767, OID20768, OID20769, OID20771, OID20772,
OID20773, OID20774, OID20775, OID20776, OID20777, OID20779, OID20780, OID20781,
OID20782, OID20783, OID20784, OID20785, OID20786, OID20787, OID20788,
OID20789)`
Joining with `by = join_by(OlinkID)`
Joining with `by = join_by(name, C3H4O, C3H6O, C2H4O2, C3H8O, C4H4O, C3H4O2,
C2H2O3, C3H6S, C3H6O2, C2H5NO2, C2H4O3, C5H6O, C5H8O, C4H7NO, C4H6O2, C3H4O3,
C4H8O2, C3H8N2O, C3H7NO2, C3H6O3, C3H8OS, C7H10, C5H5NO, C6H10O, C4H7NO2,
C3H6N2O2, C5H10O2, C4H9NO2, C4H8O3, C3H7NO3, C3H6O4, C7H9N, C7H8O, C6H7NO,
C6H6O2, C5H5NO2, C5H9N3, C5H4OS, C5H4O3, C7H12O, C5H7NO2, C4H7N3O, C5H6O3,
C5H9NO2, C4H4O4, C5H8O3, C6H12S, C4H7NO3, C8H7N, C5H11NO2, C4H6O4, C5H10O3,
C4H10N2O2, C6H14S, C4H9NO3, C8H8O, C3H7NO2S, C7H7NO, C4H10O4, C8H10O, C7H9NO,
C7H8O2, C2H7NO3S, C2H8NO3P, C2H6O4S, C6H6OS, C6H6O3, C5H6N2O2, C8H14O, C6H8O3,
C5H8N2O2, C7H12O2, C5H7NO3, C5H6O4, C6H10OS, C6H10O3, C7H14O2, C5H9NO3, C9H9N,
C6H13NO2, C5H8O4, C4H8N2O3, C6H12O3, C5H12N2O2, C4H7NO4, C8H7NO, C5H11NO3,
C4H6O5, C9H10O, C8H9NO, C8H8O2, C8H11NO, C7H6O3, C9H14O, C8H12O2, C8H14O2,
C9H18O, C6H9NO3, C7H13NO2, C6H8S2, C6H8O4, C10H8O, C7H12O3, C8H16O2, C5H7NO4,
C6H11NO3, C5H6O5, C5H10N2O3, C6H14N2O2, C8H5NO2, C5H9NO4, C6H13NO3, C5H8O5,
C6H12O4, C10H12O, C5H11NO2S, C4H6O6, C10H14O, C8H9NO2, C5H4N4O2, C8H8O3,
C10H16O, C8H11NO2, C7H6O4, C9H14O2, C6H4O5, C7H8O4, C6H8N2O3, C9H16O2, C8H14O3,
C9H18O2, C7H12O4, C10H12N2, C6H10O5, C5H9NO3S, C9H9NO2, C9H8O3, C6H12O5,
C11H16O, C7H5NS2, C5H4N4O3, C7H11N3O2, C3H7O6P, C8H10O4, C12H10O, C10H18O2,
C7H9NO4, C8H12O4, C7H12N2O3, C9H16O3, C10H20O2, C6H6O4S, C8H14O4, C7H14N2O3,
C6H14N4O2, C9H20NO2, C10H9NO2, C7H13NO4, C6H13N3O3, C6H8O6, C7H12O5, C11H12O2,
C10H10O3, C11H14O2, C12H18O, C9H9NO3, C9H8O4, C9H11NO3, C6H6N4O3, C9H10O4,
C6H14O6, C11H18O2, C7H5NO3S, C8H9NO4, C8H8O5, C9H12O4_C5H15NO4P_C10H8N4,
C10H16O3, C11H20O2, C3H8NO6P, C9H15NO3, C3H7O7P, C9H14O4, C11H22O2, C11H9NO2,
C9H17NO3, C7H8O4S, C9H16O4, C10H20O3, C6H6O5S, C6H6O7, C7H10O6, C13H18O,
C7H14O6, C11H14O3, C9H9NO4, C6H12O7_C7H8N4O3, C10H12O4, C12H20O2, C13H24O,
C9H10O5, C7H10N4O3, C12H22O2, C9H13NO2S, C8H8O4S, C9H12O5_C10H16S2, C13H12O2,
C11H20O3, C12H24O2, C8H10O4S, C9H14O5, C12H14N2O, C10H18O4, C9H18N2O3,
C11H22O3, C11H13N3O, C7H8O5S, C11H12N2O2, C11H11NO3, C6H6O6S, C12H14O3,
C13H18O2, C14H22O, C13H20O2, C7H14O7_C8H10N4O3, C11H14O4, C12H18O3, C13H22O2,
C12H12N4, C12H20O3, C13H24O2, C8H7NO4S, C4H7O8P, C11H18O4, C12H22O3, C13H26O2,
C11H21NO3, C16H24, C10H13N5O, C7H12N2O4S, C12H12O4, C15H24O, C7H11NO5S,
C8H14O7, C12H14O4, C13H18O3, C14H22O2, C14H24O2, C14H26O2, C12H20O4, C13H24O3,
C14H28O2, C12H23NO3, C10H14O4S, C9H14N2O5, C12H22O4, C11H22N2O3, C13H26O3,
C8H9NO5S, C9H17N3O4, C8H8O6S, C13H12O4, C10H20N2O4, C8H11NO5S, C14H18O3,
C15H22O2, C12H12O5, C13H16O4, C15H24O2, C9H19NO2S2_C9H11N5O3, C12H14O5,
C13H18O4, C14H22O3, C15H26O2, C6H12N2O4S2, C12H16O5, C15H28O2, C14H26O3,
C15H30O2, C9H8O6S, C10H12O5S, C9H12N2O6, C12H20O5, C11H20N2O4, C14H28O3,
C13H15N3O2, C9H10O6S, C12H22O5, C8H9NO6S, C9H16N2O6, C15H23NO2, C15H10N2O2,
C15H22O3, C16H26O2, C13H16O5, C14H20O4, C15H24O3, C16H28O2, C11H14N2O5,
C15H26O3, C16H30O2, C14H24O4, C14H26O4, C6H13NO8S, C9H8O7S, C12H20O6,
C11H20N2O5, C9H11NO6S, C12H22O6, C9H12O7S, C16H12N2O2, C13H16N2O4, C16H24O3,
C17H28O2, C11H11N3O5, C3H8O10P2, C17H32O2, C10H11N3O4S, C17H34O2, C15H12O5,
C16H32O3, C16H19NO3, C10H10O7S, C14H26O5, C11H21N3O5, C10H12O7S, C18H28O2,
C16H22O4, C18H30O2, C18H32O2, C15H25NO4, C15H24O5, C17H32O3, C18H36O2,
C7H15N2O8P, C12H14O8, C17H22N2O2, C16H30O4, C11H12O7S, C18H24O3, C19H28O2,
C11H18N2O7, C17H25NO3, C18H32O3, C19H36O2, C14H19NO6, C18H34O3, C17H16O5,
C21H32O, C16H14O6, C19H26O3, C20H30O2, C20H32O2, C17H22O5, C18H28O4, C20H36O2,
C5H12O11P2, C18H30O4, C20H38O2, C18H16O5, C18H20N2O3, C18H32O4, C20H40O2,
C19H26N2O2, C18H36O4, C9H15N5O8, C19H16O5, C17H24O6, C15H18O8, C19H18O5,
C18H30O5, C14H17NO8, C18H16O6, C18H24N4O2, C22H32O2, C20H40O3, C22H34O2,
C18H36O5, C22H36O2, C15H10O9, C20H30O4, C21H26N2O2, C20H34O4, C22H42O2,
C19H16O6, C23H32O2, C22H44O2, C12H22O11, C16H22O8, C21H29NO3, C16H26O8,
C22H34O3, C10H14N5O7P, C20H28O5, C22H36O3, C19H26O6, C20H30O5, C22H38O3,
C16H17NO8, C21H38O4, C23H46O2, C17H19N3O4S, C16H20N4O4S, C19H24O7, C19H26O7,
C20H30O6, C24H46O2, C24H48O2, C16H18O10, C20H18O7, C22H42O4, C20H20O7,
C22H28O5, C18H30O8, C24H38O3, C20H24O7, C24H40O3, C20H26O7, C19H24O8, C20H28O7,
C23H40O4, C16H14O9S, C19H26O8, C25H50O2, C19H28O6S, C23H44O4, C20H18O8,
C21H38O6, C23H46O4, C19H32O8, C20H22O8, C21H26O7, C24H38O4, C24H40O4,
C14H23N3O8S, C20H26O8, C26H52O2, C18H25NO7S, C21H25N3O3S, C27H44O2, C21H22O8,
C25H38O4, C19H16O10, C24H36O5, C25H40O4, C27H48O2, C23H36O6, C24H40O5,
C25H48O4, C24H30O6, C24H46O5, C25H50O4, C26H42O4, C23H32O7, C19H24N2O9,
C19H40NO7P, C23H38O7, C10H15N5O10P2, C27H42O4, C29H50O2, C26H43NO4, C27H33NO4,
C26H44O5, C26H48O5, C21H31NO7S, C11H20N4O11P2, C28H46O4, C25H38O7, C27H46O5,
C21H24O11, C21H44NO7P, C26H46O6, C28H48O5, C26H43NO6, C25H38O8, C27H46O4S,
C8H14N3O12P3S, C30H46O4, C24H29NO9, C29H48O5, C23H44NO7P, C23H46NO7P,
C23H48NO7P, C24H40O10, C26H34O9, C26H36O9, C24H50NO7P, C26H45NO6S, C25H48NO7P,
C10H16N5O13P3, C25H50NO7P, C26H36O10, C25H52NO7P, C26H45NO7S, C26H43NO8S,
C27H40O11, C34H52O6, C22H36N4O13, C30H48O10, C33H54O8, C36H65NO5, C27H28O15,
C15H24N5O17P3, C40H78NO8P, C39H77O10P, C41H81O10P, C41H62O16, C46H70O18,
C44H84O17P2)`
Joining with `by = join_by(name)`
Joining with `by = join_by(ProbandID)`
Joining with `by = join_by(OlinkID)`
Warning message:
In load("/vol/projects/CIIM/Influenza/iMED/metabolic/analysis/brendan/output/cohort_1/cohort1.Rdata") :
  strings not representable in native encoding will be translated to UTF-8
Joining with `by = join_by(ionIdx)`
Joining with `by = join_by(pID)`
Joining with `by = join_by(name)`
Error in get.elasticModel(train_inputSet, train_predOut, validation_inputSet_1,  : 
  object 'res_preVal_3' not found
In addition: There were 50 or more warnings (use warnings() to see the first 50)
Execution halted
