During startup - Warning message:
Setting LC_CTYPE failed, using "C" 
-- Attaching packages --------------------------------------- tidyverse 1.3.1 --
v ggplot2 3.4.4     v purrr   1.0.1
v tibble  3.2.1     v dplyr   1.1.2
v tidyr   1.2.0     v stringr 1.4.0
v readr   2.1.4     v forcats 0.5.1
-- Conflicts ------------------------------------------ tidyverse_conflicts() --
x dplyr::filter() masks stats::filter()
x dplyr::lag()    masks stats::lag()

Attaching package: 'magrittr'

The following object is masked from 'package:purrr':

    set_names

The following object is masked from 'package:tidyr':

    extract

Loading required package: lattice

Attaching package: 'caret'

The following object is masked from 'package:purrr':

    lift

Joining with `by = join_by(probandID, season, cohort)`
Joining with `by = join_by(probandID, season, cohort)`
Warning message:
Using an external vector in selections was deprecated in tidyselect 1.1.0.
i Please use `all_of()` or `any_of()` instead.
  # Was:
  data %>% select(rmProtein_names)

  # Now:
  data %>% select(all_of(rmProtein_names))

See <https://tidyselect.r-lib.org/reference/faq-external-vector.html>. 
Joining with `by = join_by(name)`
